<?xml version="1.0" encoding="UTF-8"?>
<!-- Generated by org.testng.reporters.JUnitXMLReporter -->
<testsuite ignored="0" hostname="TVMATP449200L" failures="0" tests="2" name="CoPlaAutomation" time="63.968" errors="0" timestamp="2021-12-28T11:54:19 IST">
  <testcase classname="com.Copla.testCases.TC_LoginTest_001" name="loginTest" time="17.835"/>
  <testcase classname="com.Copla.testCases.TC_DeliveryCalendarTest_002" name="deliverycalendarTest" time="22.865"/>
</testsuite> <!-- CoPlaAutomation -->
