<?xml version="1.0" encoding="UTF-8"?>
<testng-results ignored="0" total="1" passed="1" failed="0" skipped="0">
  <reporter-output>
  </reporter-output>
  <suite started-at="2022-02-03T16:42:41 IST" name="CoPla" finished-at="2022-02-03T16:44:23 IST" duration-ms="102196">
    <groups>
    </groups>
    <test started-at="2022-02-03T16:42:41 IST" name="CoPlaAutomation" finished-at="2022-02-03T16:44:23 IST" duration-ms="102196">
      <class name="com.Copla.testCases.TC_DeliverymodelConfigTest_010">
        <test-method is-config="true" signature="setup(java.lang.String)[pri:0, instance:com.Copla.testCases.TC_DeliverymodelConfigTest_010@8317c52]" started-at="2022-02-03T16:42:41 IST" name="setup" finished-at="2022-02-03T16:43:01 IST" duration-ms="19788" status="PASS">
          <params>
            <param index="0">
              <value>
                <![CDATA[chrome]]>
              </value>
            </param>
          </params>
          <reporter-output>
          </reporter-output>
        </test-method> <!-- setup -->
        <test-method signature="deliverymodelconfigTest()[pri:0, instance:com.Copla.testCases.TC_DeliverymodelConfigTest_010@8317c52]" started-at="2022-02-03T16:43:01 IST" name="deliverymodelconfigTest" finished-at="2022-02-03T16:44:23 IST" duration-ms="81938" status="PASS">
          <reporter-output>
          </reporter-output>
        </test-method> <!-- deliverymodelconfigTest -->
        <test-method is-config="true" signature="tearDown()[pri:0, instance:com.Copla.testCases.TC_DeliverymodelConfigTest_010@8317c52]" started-at="2022-02-03T16:44:23 IST" name="tearDown" finished-at="2022-02-03T16:44:23 IST" duration-ms="221" status="PASS">
          <reporter-output>
          </reporter-output>
        </test-method> <!-- tearDown -->
      </class> <!-- com.Copla.testCases.TC_DeliverymodelConfigTest_010 -->
    </test> <!-- CoPlaAutomation -->
  </suite> <!-- CoPla -->
</testng-results>
